I250929 11:43:46.167578 1 util/log/file_sync_buffer.go:237 ⋮ [config]   file created at: 2025/09/29 11:43:46
I250929 11:43:46.167592 1 util/log/file_sync_buffer.go:237 ⋮ [config]   running on machine: ‹584ca04010b8›
I250929 11:43:46.167602 1 util/log/file_sync_buffer.go:237 ⋮ [config]   binary: CockroachDB CCL v24.2.10 (x86_64-pc-linux-gnu, built 2025/02/03 17:30:12, go1.22.5 X:nocoverageredesign)
I250929 11:43:46.167612 1 util/log/file_sync_buffer.go:237 ⋮ [config]   arguments: [‹/cockroach/cockroach› ‹start-single-node› ‹--certs-dir=certs› ‹--advertise-addr=127.0.0.1:26257› ‹--accept-sql-without-tls›]
I250929 11:43:46.167629 1 util/log/file_sync_buffer.go:237 ⋮ [config]   log format (utf8=✓): crdb-v2
I250929 11:43:46.167636 1 util/log/file_sync_buffer.go:237 ⋮ [config]   line format: [IWEF]yymmdd hh:mm:ss.uuuuuu goid [chan@]file:line redactionmark \[tags\] [counter] msg
I250929 11:43:46.167457 1 server/status/recorder.go:818 ⋮ [n?] 1  ‹available memory from cgroups (8.0 EiB) is unsupported, using system memory 63 GiB instead: ›
W250929 11:43:46.167737 1 1@cli/start.go:1358 ⋮ [n?] 2  Using the default setting for --cache (128 MiB).
W250929 11:43:46.167737 1 1@cli/start.go:1358 ⋮ [n?] 2 +  A significantly larger value is usually needed for good performance.
W250929 11:43:46.167737 1 1@cli/start.go:1358 ⋮ [n?] 2 +  If you have a dedicated server a reasonable setting is --cache=.25 (16 GiB).
I250929 11:43:46.168179 1 server/status/recorder.go:818 ⋮ [n?] 3  ‹available memory from cgroups (8.0 EiB) is unsupported, using system memory 63 GiB instead: ›
I250929 11:43:46.168202 1 1@cli/start.go:1475 ⋮ [n?] 4  ‹CockroachDB CCL v24.2.10 (x86_64-pc-linux-gnu, built 2025/02/03 17:30:12, go1.22.5 X:nocoverageredesign)›
I250929 11:43:46.169442 1 server/status/recorder.go:818 ⋮ [n?] 5  ‹available memory from cgroups (8.0 EiB) is unsupported, using system memory 63 GiB instead: ›
I250929 11:43:46.169466 1 1@cli/start.go:556 ⋮ [n?] 6  soft memory limit of Go runtime is set to 35 GiB
I250929 11:43:46.169496 1 1@cli/start.go:593 ⋮ [n?] 7  GC target percentage of Go runtime is set to 300%
I250929 11:43:46.170568 1 server/status/recorder.go:818 ⋮ [T1,Vsystem,n?] 8  ‹available memory from cgroups (8.0 EiB) is unsupported, using system memory 63 GiB instead: ›
I250929 11:43:46.170594 1 server/config.go:669 ⋮ [T1,Vsystem,n?] 9  system total memory: 63 GiB
I250929 11:43:46.170610 1 server/config.go:671 ⋮ [T1,Vsystem,n?] 10  server configuration:
I250929 11:43:46.170610 1 server/config.go:671 ⋮ [T1,Vsystem,n?] 10 +‹max offset             500000000›
I250929 11:43:46.170610 1 server/config.go:671 ⋮ [T1,Vsystem,n?] 10 +‹cache size             128 MiB›
I250929 11:43:46.170610 1 server/config.go:671 ⋮ [T1,Vsystem,n?] 10 +‹SQL memory pool size   16 GiB›
I250929 11:43:46.170610 1 server/config.go:671 ⋮ [T1,Vsystem,n?] 10 +‹scan interval          10m0s›
I250929 11:43:46.170610 1 server/config.go:671 ⋮ [T1,Vsystem,n?] 10 +‹scan min idle time     10ms›
I250929 11:43:46.170610 1 server/config.go:671 ⋮ [T1,Vsystem,n?] 10 +‹scan max idle time     1s›
I250929 11:43:46.170610 1 server/config.go:671 ⋮ [T1,Vsystem,n?] 10 +‹event log enabled      true›
I250929 11:43:46.170701 1 1@cli/start.go:1336 ⋮ [T1,Vsystem,n?] 11  using local environment variables:
I250929 11:43:46.170701 1 1@cli/start.go:1336 ⋮ [T1,Vsystem,n?] 11 +COCKROACH_CHANNEL=official-docker
I250929 11:43:46.170701 1 1@cli/start.go:1336 ⋮ [T1,Vsystem,n?] 11 +COCKROACH_DATABASE=defaultdb
I250929 11:43:46.170701 1 1@cli/start.go:1336 ⋮ [T1,Vsystem,n?] 11 +COCKROACH_USER=selfhost
I250929 11:43:46.170724 1 1@cli/start.go:1343 ⋮ [T1,Vsystem,n?] 12  process identity: ‹uid 0 euid 0 gid 0 egid 0›
I250929 11:43:46.174687 1 1@cli/start.go:1498 ⋮ [T1,Vsystem,n?] 13  GEOS loaded from directory ‹/usr/local/lib/cockroach›
I250929 11:43:46.174724 1 1@cli/start.go:782 ⋮ [T1,Vsystem,n?] 14  starting cockroach node
I250929 11:43:46.530867 89 server/config.go:881 ⋮ [T1,Vsystem,n?] 15  1 storage engine initialized
I250929 11:43:46.530909 89 server/config.go:884 ⋮ [T1,Vsystem,n?] 16  Pebble cache size: 128 MiB
I250929 11:43:46.530928 89 server/config.go:884 ⋮ [T1,Vsystem,n?] 17  store 0: max size 0 B, max open file limit 1043576
I250929 11:43:46.530934 89 server/config.go:884 ⋮ [T1,Vsystem,n?] 18  store 0: /cockroach/cockroach-data: rw encrypted=false fs:{bdev=/dev/sdb1 fstype=ext4 mountpoint=/cockroach/cockroach-data mountopts=rw,relatime}
I250929 11:43:46.531971 89 1@rpc/tls.go:247 ⋮ [T1,Vsystem,n?] 19  server certificate addresses: ‹IP=127.0.0.1,127.0.0.1; DNS=; CN=node›
I250929 11:43:46.532011 89 1@rpc/tls.go:296 ⋮ [T1,Vsystem,n?] 20  web UI certificate addresses: ‹IP=127.0.0.1,127.0.0.1; DNS=; CN=node›
I250929 11:43:46.534939 150 util/cidr/cidr.go:299 ⋮ [T1,Vsystem,n?] 21  CIDR lookup updated with 0 destinations
I250929 11:43:46.683781 89 1@server/clock_monotonicity.go:61 ⋮ [T1,Vsystem,n?] 22  monitoring forward clock jumps based on server.clock.forward_jump_check.enabled
I250929 11:43:46.686270 89 1@server/clock_monotonicity.go:136 ⋮ [T1,Vsystem,n1] 23  Sleeping till wall time 1759146226686267499 to catches up to 1759146227183765502 to ensure monotonicity. Sub: 497.498003ms
I250929 11:43:46.686313 361 1@server/server.go:1741 ⋮ [T1,Vsystem,n1] 24  connecting to gossip network to verify cluster ID ‹"4a9bcc94-d653-419d-9d75-e4f816dc53dc"›
W250929 11:43:47.183922 89 1@cli/start.go:1297 ⋮ [T1,Vsystem,n1] 25  Running a server without --sql-addr, with a combined RPC/SQL listener, is deprecated.
W250929 11:43:47.183922 89 1@cli/start.go:1297 ⋮ [T1,Vsystem,n1] 25 +This feature will be removed in a later version of CockroachDB.
W250929 11:43:47.184029 89 1@gossip/gossip.go:1399 ⋮ [T1,Vsystem,n1] 26  no addresses found; use --join to specify a connected node
I250929 11:43:47.185755 373 kv/kvserver/kvstorage/init.go:250 ⋮ [T1,Vsystem,n1,s1] 27  beginning range descriptor iteration
I250929 11:43:47.186155 373 kv/kvserver/kvstorage/init.go:374 ⋮ [T1,Vsystem,n1,s1] 28  range descriptor iteration done: 59 range descriptors, 0 intents, 0 tombstones; stats: ‹seeked 122 times (62 internal); stepped 0 times (0 internal); blocks: 105KB cached, 12KB not cached (read time: 9.125µs); points: 60 (1.2KB keys, 1.8KB values); separated: 57 (1.9KB, 0B fetched)›
I250929 11:43:47.188463 373 kv/kvserver/kvstorage/init.go:498 ⋮ [T1,Vsystem,n1,s1] 29  loaded replica ID for 59/59 replicas
I250929 11:43:47.189180 373 kv/kvserver/kvstorage/init.go:515 ⋮ [T1,Vsystem,n1,s1] 30  loaded Raft state for 59/59 replicas
I250929 11:43:47.189216 373 kv/kvserver/kvstorage/init.go:542 ⋮ [T1,Vsystem,n1,s1] 31  loaded 59 replicas
I250929 11:43:47.189245 373 kv/kvserver/kvstorage/init.go:573 ⋮ [T1,Vsystem,n1,s1] 32  verified 59/59 replicas
I250929 11:43:47.204319 373 kv/kvserver/store.go:2242 ⋮ [T1,Vsystem,n1,s1] 33  initialized 59/59 replicas
I250929 11:43:47.204821 361 1@server/server.go:1744 ⋮ [T1,Vsystem,n1] 34  node connected via gossip
I250929 11:43:47.205534 373 server/node.go:680 ⋮ [T1,Vsystem,n1] 35  initialized store s1 in 21ms (59 replicas)
I250929 11:43:47.205662 89 kv/kvserver/stores.go:257 ⋮ [T1,Vsystem,n1] 36  read 0 node addresses from persistent storage
I250929 11:43:47.210322 89 server/node.go:795 ⋮ [T1,Vsystem,n1] 37  started with engine type pebble
I250929 11:43:47.210448 89 server/node.go:797 ⋮ [T1,Vsystem,n1] 38  started with attributes []
I250929 11:43:47.210672 89 server/goroutinedumper/goroutinedumper.go:117 ⋮ [T1,Vsystem,n1] 39  writing goroutine dumps to ‹/cockroach/cockroach-data/logs/goroutine_dump›
I250929 11:43:47.210739 89 server/profiler/heapprofiler.go:72 ⋮ [T1,Vsystem,n1] 40  writing go heap profiles to ‹/cockroach/cockroach-data/logs/heap_profiler› at least every 1h0m0s
I250929 11:43:47.210771 89 server/profiler/memory_monitoring_profiler.go:66 ⋮ [T1,Vsystem,n1] 41  writing memory monitoring dumps to ‹/cockroach/cockroach-data/logs/heap_profiler› at least every 1h0m0s
I250929 11:43:47.210793 89 server/profiler/cgoprofiler.go:66 ⋮ [T1,Vsystem,n1] 42  to enable jmalloc profiling: "export MALLOC_CONF=prof:true" or "ln -s prof:true /etc/malloc.conf"
I250929 11:43:47.210831 89 server/profiler/statsprofiler.go:68 ⋮ [T1,Vsystem,n1] 43  writing memory stats to ‹/cockroach/cockroach-data/logs/heap_profiler› at last every 1h0m0s
I250929 11:43:47.211337 89 server/profiler/activequeryprofiler.go:88 ⋮ [T1,Vsystem,n1] 44  writing go query profiles to ‹/cockroach/cockroach-data/logs/heap_profiler›
I250929 11:43:47.211412 89 server/profiler/cpuprofiler.go:87 ⋮ [T1,Vsystem,n1] 45  writing cpu profile dumps to ‹/cockroach/cockroach-data/logs/pprof_dump›
I250929 11:43:47.211844 89 1@server/server.go:1937 ⋮ [T1,Vsystem,n1] 46  starting https server at ‹[::]:8080› (use: ‹127.0.0.1:8080›)
I250929 11:43:47.211943 89 1@server/server.go:1945 ⋮ [T1,Vsystem,n1] 47  starting grpc/postgres server at ‹[::]:26257›
I250929 11:43:47.212020 89 1@server/server.go:1946 ⋮ [T1,Vsystem,n1] 48  advertising CockroachDB node at ‹127.0.0.1:26257›
I250929 11:43:47.386116 617 kv/kvclient/rangefeed/rangefeedcache/watcher.go:340 ⋮ [T1,Vsystem,n1] 49  spanconfig-subscriber: established range feed cache
I250929 11:43:47.438823 89 1@util/log/event_log.go:39 ⋮ [T1,Vsystem,n1] 50 ={"Timestamp":1759146227438813466,"EventType":"node_restart","NodeID":1,"StartedAt":1759146227184090596,"LastUp":1759146218110539717}
I250929 11:43:47.439069 620 kv/kvclient/rangefeed/rangefeedcache/watcher.go:340 ⋮ [T1,Vsystem,n1] 51  settings-watcher: established range feed cache
I250929 11:43:47.510924 608 kv/kvserver/replica_rangefeed.go:864 ⋮ [T1,Vsystem,n1,rangefeed=‹spanconfig-subscriber›,mux_n=1,gen=2,r50/1:‹/Table/4{7-8}›,s1,sid=1] 52  RangeFeed closed timestamp 1759145828.603776987,0 is behind by 6m38.907142784s
I250929 11:43:47.723158 89 sql/sqlliveness/slinstance/slinstance.go:436 ⋮ [T1,Vsystem,n1] 53  starting SQL liveness instance
I250929 11:43:47.931725 941 sql/sqlliveness/slstorage/slstorage.go:539 ⋮ [T1,Vsystem,n1] 54  inserted sqlliveness session 0101805f37a061f24947b5bbd32b943ed4fd7e with expiry 1759146267.723257730,0
I250929 11:43:47.931809 941 sql/sqlliveness/slinstance/slinstance.go:252 ⋮ [T1,Vsystem,n1] 55  created new SQL liveness session 0101805f37a061f24947b5bbd32b943ed4fd7e
I250929 11:43:47.931890 89 sql/sqlinstance/instancestorage/instancestorage.go:299 ⋮ [T1,Vsystem,n1] 56  assigning instance id to rpc addr ‹127.0.0.1:26257› and sql addr ‹127.0.0.1:26257›
I250929 11:43:48.045459 372 1@gossip/gossip.go:1415 ⋮ [T1,Vsystem,n1] 57  node has connected to cluster via gossip
I250929 11:43:48.123132 89 server/server_sql.go:1594 ⋮ [T1,Vsystem,n1] 58  bound sqlinstance: Instance{RegionPrefix: gA==, InstanceID: 1, SQLAddr: ‹127.0.0.1:26257›, RPCAddr: ‹127.0.0.1:26257›, SessionID: 0101805f37a061f24947b5bbd32b943ed4fd7e, Locality: , BinaryVersion: 24.2}
I250929 11:43:48.124902 1031 sql/temporary_schema.go:506 ⋮ [T1,Vsystem,n1] 59  running temporary object cleanup background job
I250929 11:43:48.125242 372 kv/kvserver/stores.go:276 ⋮ [T1,Vsystem,n1] 60  wrote 0 node addresses to persistent storage
I250929 11:43:48.125483 1036 sql/sqlstats/persistedsqlstats/provider.go:170 ⋮ [T1,Vsystem,n1] 61  starting sql-stats-worker with initial delay: 10m14.992025624s
I250929 11:43:48.125899 89 upgrade/upgrademanager/manager.go:166 ⋮ [T1,Vsystem,n1] 62  running permanent upgrades up to version: 24.2
I250929 11:43:48.126124 1065 kv/kvclient/rangefeed/rangefeedcache/watcher.go:340 ⋮ [T1,Vsystem,n1] 63  system-config-cache: established range feed cache
I250929 11:43:48.228301 89 upgrade/upgrademanager/manager.go:228 ⋮ [T1,Vsystem,n1] 64  detected the last permanent upgrade (v0.0-upgrading-step-004) to have already completed; no permanent upgrades will run
I250929 11:43:48.228391 89 server/server_sql.go:1696 ⋮ [T1,Vsystem,n1] 65  done ensuring all necessary startup migrations have run
I250929 11:43:48.229197 89 server/license/enforcer.go:260 ⋮ [T1,Vsystem,n1] 66  trial license expiry initialized to 1970-01-01 00:00:00 +0000 UTC
I250929 11:43:48.229486 89 server/license/enforcer.go:296 ⋮ [T1,Vsystem,n1] 67  fetched existing cluster init grace period end time: 2025-10-06 11:24:21 +0000 UTC
I250929 11:43:48.229737 89 server/license/enforcer.go:486 ⋮ [T1,Vsystem,n1] 68  enforcer license updated: type is none, grace period ends at "2025-10-06 11:24:21 +0000 UTC", telemetry required: false
I250929 11:43:48.229792 89 server/license/enforcer.go:486 ⋮ [T1,Vsystem,n1] 69  enforcer license updated: type is none, grace period ends at "2025-10-06 11:24:21 +0000 UTC", telemetry required: false
I250929 11:43:48.229926 1261 jobs/job_scheduler.go:407 ⋮ [T1,Vsystem,n1] 70  waiting 3m0s before scheduled jobs daemon start
I250929 11:43:48.232354 1299 kv/kvclient/rangefeed/rangefeedcache/watcher.go:340 ⋮ [T1,Vsystem,n1] 71  tenant-settings-watcher: established range feed cache
I250929 11:43:48.241432 1031 sql/temporary_schema.go:556 ⋮ [T1,Vsystem,n1] 72  found 0 temporary schemas
I250929 11:43:48.241478 1031 sql/temporary_schema.go:559 ⋮ [T1,Vsystem,n1] 73  early exiting temporary schema cleaner as no temporary schemas were found
I250929 11:43:48.241501 1031 sql/temporary_schema.go:560 ⋮ [T1,Vsystem,n1] 74  completed temporary object cleanup job
I250929 11:43:48.241540 1031 sql/temporary_schema.go:641 ⋮ [T1,Vsystem,n1] 75  temporary object cleaner next scheduled to run at 2025-09-29 12:13:48.123308017 +0000 UTC m=+1802.668000905
I250929 11:43:48.326593 1412 sql/catalog/lease/lease.go:1907 ⋮ [T1,Vsystem,n1] 76  released orphaned lease: {id:‹4› prefix:[128] version:2 expiration:{Time:{wall:0 ext:0 loc:<nil>}} sessionID:[1 1 128 208 128 173 209 118 9 64 52 190 167 230 121 13 163 205 207]}
I250929 11:43:48.326692 1410 sql/catalog/lease/lease.go:1907 ⋮ [T1,Vsystem,n1] 77  released orphaned lease: {id:‹1› prefix:[128] version:1 expiration:{Time:{wall:0 ext:0 loc:<nil>}} sessionID:[1 1 128 208 128 173 209 118 9 64 52 190 167 230 121 13 163 205 207]}
I250929 11:43:48.326682 1411 sql/catalog/lease/lease.go:1907 ⋮ [T1,Vsystem,n1] 78  released orphaned lease: {id:‹3› prefix:[128] version:1 expiration:{Time:{wall:0 ext:0 loc:<nil>}} sessionID:[1 1 128 208 128 173 209 118 9 64 52 190 167 230 121 13 163 205 207]}
I250929 11:43:48.326593 1414 sql/catalog/lease/lease.go:1907 ⋮ [T1,Vsystem,n1] 79  released orphaned lease: {id:‹6› prefix:[128] version:1 expiration:{Time:{wall:0 ext:0 loc:<nil>}} sessionID:[1 1 128 208 128 173 209 118 9 64 52 190 167 230 121 13 163 205 207]}
I250929 11:43:48.326619 1413 sql/catalog/lease/lease.go:1907 ⋮ [T1,Vsystem,n1] 80  released orphaned lease: {id:‹5› prefix:[128] version:1 expiration:{Time:{wall:0 ext:0 loc:<nil>}} sessionID:[1 1 128 208 128 173 209 118 9 64 52 190 167 230 121 13 163 205 207]}
I250929 11:43:48.329694 1302 sql/catalog/lease/lease.go:1907 ⋮ [T1,Vsystem,n1] 81  released orphaned lease: {id:‹7› prefix:[128] version:1 expiration:{Time:{wall:0 ext:0 loc:<nil>}} sessionID:[1 1 128 208 128 173 209 118 9 64 52 190 167 230 121 13 163 205 207]}
I250929 11:43:48.329746 1304 sql/catalog/lease/lease.go:1907 ⋮ [T1,Vsystem,n1] 82  released orphaned lease: {id:‹9› prefix:[128] version:1 expiration:{Time:{wall:0 ext:0 loc:<nil>}} sessionID:[1 1 128 208 128 173 209 118 9 64 52 190 167 230 121 13 163 205 207]}
I250929 11:43:48.329775 1198 sql/catalog/lease/lease.go:1907 ⋮ [T1,Vsystem,n1] 83  released orphaned lease: {id:‹12› prefix:[128] version:1 expiration:{Time:{wall:0 ext:0 loc:<nil>}} sessionID:[1 1 128 208 128 173 209 118 9 64 52 190 167 230 121 13 163 205 207]}
I250929 11:43:48.329824 1303 sql/catalog/lease/lease.go:1907 ⋮ [T1,Vsystem,n1] 84  released orphaned lease: {id:‹8› prefix:[128] version:1 expiration:{Time:{wall:0 ext:0 loc:<nil>}} sessionID:[1 1 128 208 128 173 209 118 9 64 52 190 167 230 121 13 163 205 207]}
I250929 11:43:48.331989 1305 sql/catalog/lease/lease.go:1907 ⋮ [T1,Vsystem,n1] 85  released orphaned lease: {id:‹11› prefix:[128] version:1 expiration:{Time:{wall:0 ext:0 loc:<nil>}} sessionID:[1 1 128 208 128 173 209 118 9 64 52 190 167 230 121 13 163 205 207]}
I250929 11:43:48.333332 1282 server/auto_upgrade.go:81 ⋮ [T1,Vsystem,n1] 86  no need to upgrade, cluster already at the newest version
I250929 11:43:48.333870 1416 sql/catalog/lease/lease.go:1907 ⋮ [T1,Vsystem,n1] 87  released orphaned lease: {id:‹13› prefix:[128] version:1 expiration:{Time:{wall:0 ext:0 loc:<nil>}} sessionID:[1 1 128 208 128 173 209 118 9 64 52 190 167 230 121 13 163 205 207]}
I250929 11:43:48.333875 1227 sql/catalog/lease/lease.go:1907 ⋮ [T1,Vsystem,n1] 88  released orphaned lease: {id:‹14› prefix:[128] version:1 expiration:{Time:{wall:0 ext:0 loc:<nil>}} sessionID:[1 1 128 208 128 173 209 118 9 64 52 190 167 230 121 13 163 205 207]}
I250929 11:43:48.333924 1229 sql/catalog/lease/lease.go:1907 ⋮ [T1,Vsystem,n1] 89  released orphaned lease: {id:‹19› prefix:[128] version:1 expiration:{Time:{wall:0 ext:0 loc:<nil>}} sessionID:[1 1 128 208 128 173 209 118 9 64 52 190 167 230 121 13 163 205 207]}
I250929 11:43:48.334032 1228 sql/catalog/lease/lease.go:1907 ⋮ [T1,Vsystem,n1] 90  released orphaned lease: {id:‹15› prefix:[128] version:1 expiration:{Time:{wall:0 ext:0 loc:<nil>}} sessionID:[1 1 128 208 128 173 209 118 9 64 52 190 167 230 121 13 163 205 207]}
I250929 11:43:48.335452 1336 sql/catalog/lease/lease.go:1907 ⋮ [T1,Vsystem,n1] 91  released orphaned lease: {id:‹20› prefix:[128] version:1 expiration:{Time:{wall:0 ext:0 loc:<nil>}} sessionID:[1 1 128 208 128 173 209 118 9 64 52 190 167 230 121 13 163 205 207]}
I250929 11:43:48.336795 1338 sql/catalog/lease/lease.go:1907 ⋮ [T1,Vsystem,n1] 92  released orphaned lease: {id:‹23› prefix:[128] version:3 expiration:{Time:{wall:0 ext:0 loc:<nil>}} sessionID:[1 1 128 208 128 173 209 118 9 64 52 190 167 230 121 13 163 205 207]}
I250929 11:43:48.336882 1337 sql/catalog/lease/lease.go:1907 ⋮ [T1,Vsystem,n1] 93  released orphaned lease: {id:‹21› prefix:[128] version:1 expiration:{Time:{wall:0 ext:0 loc:<nil>}} sessionID:[1 1 128 208 128 173 209 118 9 64 52 190 167 230 121 13 163 205 207]}
I250929 11:43:48.336965 1199 sql/catalog/lease/lease.go:1907 ⋮ [T1,Vsystem,n1] 94  released orphaned lease: {id:‹25› prefix:[128] version:1 expiration:{Time:{wall:0 ext:0 loc:<nil>}} sessionID:[1 1 128 208 128 173 209 118 9 64 52 190 167 230 121 13 163 205 207]}
I250929 11:43:48.337035 1339 sql/catalog/lease/lease.go:1907 ⋮ [T1,Vsystem,n1] 95  released orphaned lease: {id:‹24› prefix:[128] version:1 expiration:{Time:{wall:0 ext:0 loc:<nil>}} sessionID:[1 1 128 208 128 173 209 118 9 64 52 190 167 230 121 13 163 205 207]}
I250929 11:43:48.424752 1418 sql/catalog/lease/lease.go:1907 ⋮ [T1,Vsystem,n1] 96  released orphaned lease: {id:‹26› prefix:[128] version:1 expiration:{Time:{wall:0 ext:0 loc:<nil>}} sessionID:[1 1 128 208 128 173 209 118 9 64 52 190 167 230 121 13 163 205 207]}
I250929 11:43:48.425603 1306 kv/kvclient/rangefeed/rangefeedcache/watcher.go:340 ⋮ [T1,Vsystem,n1] 97  tenant-entry-watcher: established range feed cache
I250929 11:43:48.426264 1260 sql/syntheticprivilegecache/cache.go:198 ⋮ [T1,Vsystem,n1] 98  warmed privileges for virtual tables in 197.278818ms
I250929 11:43:48.427020 1232 sql/catalog/lease/lease.go:1907 ⋮ [T1,Vsystem,n1] 99  released orphaned lease: {id:‹27› prefix:[128] version:1 expiration:{Time:{wall:0 ext:0 loc:<nil>}} sessionID:[1 1 128 208 128 173 209 118 9 64 52 190 167 230 121 13 163 205 207]}
I250929 11:43:48.427021 1200 sql/catalog/lease/lease.go:1907 ⋮ [T1,Vsystem,n1] 100  released orphaned lease: {id:‹30› prefix:[128] version:1 expiration:{Time:{wall:0 ext:0 loc:<nil>}} sessionID:[1 1 128 208 128 173 209 118 9 64 52 190 167 230 121 13 163 205 207]}
I250929 11:43:48.427052 1419 sql/catalog/lease/lease.go:1907 ⋮ [T1,Vsystem,n1] 101  released orphaned lease: {id:‹28› prefix:[128] version:1 expiration:{Time:{wall:0 ext:0 loc:<nil>}} sessionID:[1 1 128 208 128 173 209 118 9 64 52 190 167 230 121 13 163 205 207]}
I250929 11:43:48.427089 1201 sql/catalog/lease/lease.go:1907 ⋮ [T1,Vsystem,n1] 102  released orphaned lease: {id:‹31› prefix:[128] version:1 expiration:{Time:{wall:0 ext:0 loc:<nil>}} sessionID:[1 1 128 208 128 173 209 118 9 64 52 190 167 230 121 13 163 205 207]}
I250929 11:43:48.429014 1097 sql/catalog/lease/lease.go:1907 ⋮ [T1,Vsystem,n1] 103  released orphaned lease: {id:‹32› prefix:[128] version:1 expiration:{Time:{wall:0 ext:0 loc:<nil>}} sessionID:[1 1 128 208 128 173 209 118 9 64 52 190 167 230 121 13 163 205 207]}
I250929 11:43:48.430512 1463 sql/catalog/lease/lease.go:1907 ⋮ [T1,Vsystem,n1] 105  released orphaned lease: {id:‹36› prefix:[128] version:1 expiration:{Time:{wall:0 ext:0 loc:<nil>}} sessionID:[1 1 128 208 128 173 209 118 9 64 52 190 167 230 121 13 163 205 207]}
I250929 11:43:48.430527 1460 sql/catalog/lease/lease.go:1907 ⋮ [T1,Vsystem,n1] 104  released orphaned lease: {id:‹33› prefix:[128] version:2 expiration:{Time:{wall:0 ext:0 loc:<nil>}} sessionID:[1 1 128 208 128 173 209 118 9 64 52 190 167 230 121 13 163 205 207]}
I250929 11:43:48.430528 1461 sql/catalog/lease/lease.go:1907 ⋮ [T1,Vsystem,n1] 106  released orphaned lease: {id:‹34› prefix:[128] version:1 expiration:{Time:{wall:0 ext:0 loc:<nil>}} sessionID:[1 1 128 208 128 173 209 118 9 64 52 190 167 230 121 13 163 205 207]}
I250929 11:43:48.430636 1462 sql/catalog/lease/lease.go:1907 ⋮ [T1,Vsystem,n1] 107  released orphaned lease: {id:‹35› prefix:[128] version:1 expiration:{Time:{wall:0 ext:0 loc:<nil>}} sessionID:[1 1 128 208 128 173 209 118 9 64 52 190 167 230 121 13 163 205 207]}
I250929 11:43:48.433501 1464 sql/catalog/lease/lease.go:1907 ⋮ [T1,Vsystem,n1] 108  released orphaned lease: {id:‹37› prefix:[128] version:1 expiration:{Time:{wall:0 ext:0 loc:<nil>}} sessionID:[1 1 128 208 128 173 209 118 9 64 52 190 167 230 121 13 163 205 207]}
I250929 11:43:48.435218 1099 sql/catalog/lease/lease.go:1907 ⋮ [T1,Vsystem,n1] 109  released orphaned lease: {id:‹41› prefix:[128] version:1 expiration:{Time:{wall:0 ext:0 loc:<nil>}} sessionID:[1 1 128 208 128 173 209 118 9 64 52 190 167 230 121 13 163 205 207]}
I250929 11:43:48.435258 1311 sql/catalog/lease/lease.go:1907 ⋮ [T1,Vsystem,n1] 110  released orphaned lease: {id:‹40› prefix:[128] version:1 expiration:{Time:{wall:0 ext:0 loc:<nil>}} sessionID:[1 1 128 208 128 173 209 118 9 64 52 190 167 230 121 13 163 205 207]}
I250929 11:43:48.435319 1310 sql/catalog/lease/lease.go:1907 ⋮ [T1,Vsystem,n1] 111  released orphaned lease: {id:‹39› prefix:[128] version:1 expiration:{Time:{wall:0 ext:0 loc:<nil>}} sessionID:[1 1 128 208 128 173 209 118 9 64 52 190 167 230 121 13 163 205 207]}
I250929 11:43:48.435454 1465 sql/catalog/lease/lease.go:1907 ⋮ [T1,Vsystem,n1] 112  released orphaned lease: {id:‹42› prefix:[128] version:1 expiration:{Time:{wall:0 ext:0 loc:<nil>}} sessionID:[1 1 128 208 128 173 209 118 9 64 52 190 167 230 121 13 163 205 207]}
I250929 11:43:48.436670 1423 sql/catalog/lease/lease.go:1907 ⋮ [T1,Vsystem,n1] 113  released orphaned lease: {id:‹43› prefix:[128] version:1 expiration:{Time:{wall:0 ext:0 loc:<nil>}} sessionID:[1 1 128 208 128 173 209 118 9 64 52 190 167 230 121 13 163 205 207]}
I250929 11:43:48.438314 1466 sql/catalog/lease/lease.go:1907 ⋮ [T1,Vsystem,n1] 114  released orphaned lease: {id:‹44› prefix:[128] version:1 expiration:{Time:{wall:0 ext:0 loc:<nil>}} sessionID:[1 1 128 208 128 173 209 118 9 64 52 190 167 230 121 13 163 205 207]}
I250929 11:43:48.438304 1343 sql/catalog/lease/lease.go:1907 ⋮ [T1,Vsystem,n1] 115  released orphaned lease: {id:‹45› prefix:[128] version:1 expiration:{Time:{wall:0 ext:0 loc:<nil>}} sessionID:[1 1 128 208 128 173 209 118 9 64 52 190 167 230 121 13 163 205 207]}
I250929 11:43:48.438398 1100 sql/catalog/lease/lease.go:1907 ⋮ [T1,Vsystem,n1] 116  released orphaned lease: {id:‹46› prefix:[128] version:1 expiration:{Time:{wall:0 ext:0 loc:<nil>}} sessionID:[1 1 128 208 128 173 209 118 9 64 52 190 167 230 121 13 163 205 207]}
I250929 11:43:48.438447 1424 sql/catalog/lease/lease.go:1907 ⋮ [T1,Vsystem,n1] 117  released orphaned lease: {id:‹47› prefix:[128] version:1 expiration:{Time:{wall:0 ext:0 loc:<nil>}} sessionID:[1 1 128 208 128 173 209 118 9 64 52 190 167 230 121 13 163 205 207]}
I250929 11:43:48.525161 1101 sql/catalog/lease/lease.go:1907 ⋮ [T1,Vsystem,n1] 118  released orphaned lease: {id:‹48› prefix:[128] version:1 expiration:{Time:{wall:0 ext:0 loc:<nil>}} sessionID:[1 1 128 208 128 173 209 118 9 64 52 190 167 230 121 13 163 205 207]}
I250929 11:43:48.527677 1345 sql/catalog/lease/lease.go:1907 ⋮ [T1,Vsystem,n1] 119  released orphaned lease: {id:‹51› prefix:[128] version:1 expiration:{Time:{wall:0 ext:0 loc:<nil>}} sessionID:[1 1 128 208 128 173 209 118 9 64 52 190 167 230 121 13 163 205 207]}
I250929 11:43:48.527741 1344 sql/catalog/lease/lease.go:1907 ⋮ [T1,Vsystem,n1] 120  released orphaned lease: {id:‹50› prefix:[128] version:1 expiration:{Time:{wall:0 ext:0 loc:<nil>}} sessionID:[1 1 128 208 128 173 209 118 9 64 52 190 167 230 121 13 163 205 207]}
I250929 11:43:48.527806 1425 sql/catalog/lease/lease.go:1907 ⋮ [T1,Vsystem,n1] 121  released orphaned lease: {id:‹52› prefix:[128] version:1 expiration:{Time:{wall:0 ext:0 loc:<nil>}} sessionID:[1 1 128 208 128 173 209 118 9 64 52 190 167 230 121 13 163 205 207]}
I250929 11:43:48.527819 1506 sql/catalog/lease/lease.go:1907 ⋮ [T1,Vsystem,n1] 122  released orphaned lease: {id:‹53› prefix:[128] version:1 expiration:{Time:{wall:0 ext:0 loc:<nil>}} sessionID:[1 1 128 208 128 173 209 118 9 64 52 190 167 230 121 13 163 205 207]}
I250929 11:43:48.529610 1435 sql/catalog/lease/lease.go:1907 ⋮ [T1,Vsystem,n1] 123  released orphaned lease: {id:‹54› prefix:[128] version:1 expiration:{Time:{wall:0 ext:0 loc:<nil>}} sessionID:[1 1 128 208 128 173 209 118 9 64 52 190 167 230 121 13 163 205 207]}
I250929 11:43:48.530188 1306 multitenant/tenantcapabilities/tenantcapabilitieswatcher/watcher.go:285 ⋮ [T1,Vsystem,n1] 124  received results of a full table scan for tenant capabilities
I250929 11:43:48.530994 1523 sql/catalog/lease/lease.go:1907 ⋮ [T1,Vsystem,n1] 125  released orphaned lease: {id:‹55› prefix:[128] version:1 expiration:{Time:{wall:0 ext:0 loc:<nil>}} sessionID:[1 1 128 208 128 173 209 118 9 64 52 190 167 230 121 13 163 205 207]}
I250929 11:43:48.531024 1103 sql/catalog/lease/lease.go:1907 ⋮ [T1,Vsystem,n1] 126  released orphaned lease: {id:‹58› prefix:[128] version:1 expiration:{Time:{wall:0 ext:0 loc:<nil>}} sessionID:[1 1 128 208 128 173 209 118 9 64 52 190 167 230 121 13 163 205 207]}
I250929 11:43:48.531018 1467 sql/catalog/lease/lease.go:1907 ⋮ [T1,Vsystem,n1] 127  released orphaned lease: {id:‹56› prefix:[128] version:1 expiration:{Time:{wall:0 ext:0 loc:<nil>}} sessionID:[1 1 128 208 128 173 209 118 9 64 52 190 167 230 121 13 163 205 207]}
I250929 11:43:48.531114 1102 sql/catalog/lease/lease.go:1907 ⋮ [T1,Vsystem,n1] 128  released orphaned lease: {id:‹57› prefix:[128] version:1 expiration:{Time:{wall:0 ext:0 loc:<nil>}} sessionID:[1 1 128 208 128 173 209 118 9 64 52 190 167 230 121 13 163 205 207]}
I250929 11:43:48.534090 1494 sql/catalog/lease/lease.go:1907 ⋮ [T1,Vsystem,n1] 129  released orphaned lease: {id:‹59› prefix:[128] version:1 expiration:{Time:{wall:0 ext:0 loc:<nil>}} sessionID:[1 1 128 208 128 173 209 118 9 64 52 190 167 230 121 13 163 205 207]}
I250929 11:43:48.535702 1508 sql/catalog/lease/lease.go:1907 ⋮ [T1,Vsystem,n1] 130  released orphaned lease: {id:‹63› prefix:[128] version:1 expiration:{Time:{wall:0 ext:0 loc:<nil>}} sessionID:[1 1 128 208 128 173 209 118 9 64 52 190 167 230 121 13 163 205 207]}
I250929 11:43:48.535783 1105 sql/catalog/lease/lease.go:1907 ⋮ [T1,Vsystem,n1] 131  released orphaned lease: {id:‹61› prefix:[128] version:1 expiration:{Time:{wall:0 ext:0 loc:<nil>}} sessionID:[1 1 128 208 128 173 209 118 9 64 52 190 167 230 121 13 163 205 207]}
I250929 11:43:48.535831 1538 sql/catalog/lease/lease.go:1907 ⋮ [T1,Vsystem,n1] 132  released orphaned lease: {id:‹62› prefix:[128] version:1 expiration:{Time:{wall:0 ext:0 loc:<nil>}} sessionID:[1 1 128 208 128 173 209 118 9 64 52 190 167 230 121 13 163 205 207]}
I250929 11:43:48.535859 1104 sql/catalog/lease/lease.go:1907 ⋮ [T1,Vsystem,n1] 133  released orphaned lease: {id:‹60› prefix:[128] version:1 expiration:{Time:{wall:0 ext:0 loc:<nil>}} sessionID:[1 1 128 208 128 173 209 118 9 64 52 190 167 230 121 13 163 205 207]}
I250929 11:43:48.537224 1557 sql/catalog/lease/lease.go:1907 ⋮ [T1,Vsystem,n1] 134  released orphaned lease: {id:‹64› prefix:[128] version:1 expiration:{Time:{wall:0 ext:0 loc:<nil>}} sessionID:[1 1 128 208 128 173 209 118 9 64 52 190 167 230 121 13 163 205 207]}
I250929 11:43:48.538684 1496 sql/catalog/lease/lease.go:1907 ⋮ [T1,Vsystem,n1] 135  released orphaned lease: {id:‹100› prefix:[128] version:3 expiration:{Time:{wall:0 ext:0 loc:<nil>}} sessionID:[1 1 128 208 128 173 209 118 9 64 52 190 167 230 121 13 163 205 207]}
I250929 11:43:48.538699 1540 sql/catalog/lease/lease.go:1907 ⋮ [T1,Vsystem,n1] 136  released orphaned lease: {id:‹65› prefix:[128] version:1 expiration:{Time:{wall:0 ext:0 loc:<nil>}} sessionID:[1 1 128 208 128 173 209 118 9 64 52 190 167 230 121 13 163 205 207]}
I250929 11:43:48.538714 1495 sql/catalog/lease/lease.go:1907 ⋮ [T1,Vsystem,n1] 137  released orphaned lease: {id:‹66› prefix:[128] version:1 expiration:{Time:{wall:0 ext:0 loc:<nil>}} sessionID:[1 1 128 208 128 173 209 118 9 64 52 190 167 230 121 13 163 205 207]}
I250929 11:43:48.538800 1497 sql/catalog/lease/lease.go:1907 ⋮ [T1,Vsystem,n1] 138  released orphaned lease: {id:‹101› prefix:[128] version:2 expiration:{Time:{wall:0 ext:0 loc:<nil>}} sessionID:[1 1 128 208 128 173 209 118 9 64 52 190 167 230 121 13 163 205 207]}
I250929 11:43:48.542169 89 server/license/enforcer.go:554 ⋮ [T1,Vsystem,n1] 139  disable all license enforcement
I250929 11:43:48.542229 89 1@server/server_sql.go:1947 ⋮ [T1,Vsystem,n1] 140  serving sql connections
I250929 11:43:48.542605 89 1@cli/start.go:1284 ⋮ [T1,Vsystem,n1] 141  node startup completed:
I250929 11:43:48.542605 89 1@cli/start.go:1284 ⋮ [T1,Vsystem,n1] 141 +CockroachDB node starting at 2025-09-29 11:43:48.542276923 +0000 UTC m=+3.086969811 (took 2.4s)
I250929 11:43:48.542605 89 1@cli/start.go:1284 ⋮ [T1,Vsystem,n1] 141 +build:               CCL v24.2.10 @ 2025/02/03 17:30:12 (go1.22.5 X:nocoverageredesign)
I250929 11:43:48.542605 89 1@cli/start.go:1284 ⋮ [T1,Vsystem,n1] 141 +webui:               ‹https://127.0.0.1:8080›
I250929 11:43:48.542605 89 1@cli/start.go:1284 ⋮ [T1,Vsystem,n1] 141 +sql:                 ‹postgresql://root@127.0.0.1:26257/defaultdb?sslcert=certs%2Fclient.root.crt&sslkey=certs%2Fclient.root.key&sslmode=verify-full&sslrootcert=certs%2Fca.crt›
I250929 11:43:48.542605 89 1@cli/start.go:1284 ⋮ [T1,Vsystem,n1] 141 +sql (JDBC):          ‹jdbc:postgresql://127.0.0.1:26257/defaultdb?sslcert=certs%2Fclient.root.crt&sslkey=certs%2Fclient.root.key&sslmode=verify-full&sslrootcert=certs%2Fca.crt&user=root›
I250929 11:43:48.542605 89 1@cli/start.go:1284 ⋮ [T1,Vsystem,n1] 141 +RPC client flags:    ‹/cockroach/cockroach <client cmd> --host=127.0.0.1:26257 --certs-dir=certs›
I250929 11:43:48.542605 89 1@cli/start.go:1284 ⋮ [T1,Vsystem,n1] 141 +logs:                ‹/cockroach/cockroach-data/logs›
I250929 11:43:48.542605 89 1@cli/start.go:1284 ⋮ [T1,Vsystem,n1] 141 +temp dir:            ‹/cockroach/cockroach-data/cockroach-temp4199260237›
I250929 11:43:48.542605 89 1@cli/start.go:1284 ⋮ [T1,Vsystem,n1] 141 +external I/O path:   ‹/cockroach/cockroach-data/extern›
I250929 11:43:48.542605 89 1@cli/start.go:1284 ⋮ [T1,Vsystem,n1] 141 +store[0]:            ‹path=/cockroach/cockroach-data›
I250929 11:43:48.542605 89 1@cli/start.go:1284 ⋮ [T1,Vsystem,n1] 141 +storage engine:      pebble
I250929 11:43:48.542605 89 1@cli/start.go:1284 ⋮ [T1,Vsystem,n1] 141 +clusterID:           ‹4a9bcc94-d653-419d-9d75-e4f816dc53dc›
I250929 11:43:48.542605 89 1@cli/start.go:1284 ⋮ [T1,Vsystem,n1] 141 +status:              restarted pre-existing node
I250929 11:43:48.542605 89 1@cli/start.go:1284 ⋮ [T1,Vsystem,n1] 141 +nodeID:              1
I250929 11:43:48.625637 1475 sql/catalog/lease/lease.go:1907 ⋮ [T1,Vsystem,n1] 142  released orphaned lease: {id:‹104› prefix:[128] version:1 expiration:{Time:{wall:0 ext:0 loc:<nil>}} sessionID:[1 1 128 208 128 173 209 118 9 64 52 190 167 230 121 13 163 205 207]}
I250929 11:43:48.629883 1500 sql/catalog/lease/lease.go:1907 ⋮ [T1,Vsystem,n1] 143  released orphaned lease: {id:‹107› prefix:[128] version:6 expiration:{Time:{wall:0 ext:0 loc:<nil>}} sessionID:[1 1 128 208 128 173 209 118 9 64 52 190 167 230 121 13 163 205 207]}
I250929 11:43:48.629944 1498 sql/catalog/lease/lease.go:1907 ⋮ [T1,Vsystem,n1] 144  released orphaned lease: {id:‹105› prefix:[128] version:1 expiration:{Time:{wall:0 ext:0 loc:<nil>}} sessionID:[1 1 128 208 128 173 209 118 9 64 52 190 167 230 121 13 163 205 207]}
I250929 11:43:48.629972 1476 sql/catalog/lease/lease.go:1907 ⋮ [T1,Vsystem,n1] 145  released orphaned lease: {id:‹109› prefix:[128] version:4 expiration:{Time:{wall:0 ext:0 loc:<nil>}} sessionID:[1 1 128 208 128 173 209 118 9 64 52 190 167 230 121 13 163 205 207]}
I250929 11:43:48.630069 1499 sql/catalog/lease/lease.go:1907 ⋮ [T1,Vsystem,n1] 146  released orphaned lease: {id:‹106› prefix:[128] version:2 expiration:{Time:{wall:0 ext:0 loc:<nil>}} sessionID:[1 1 128 208 128 173 209 118 9 64 52 190 167 230 121 13 163 205 207]}
I250929 11:43:48.635117 1589 sql/catalog/lease/lease.go:1907 ⋮ [T1,Vsystem,n1] 147  released orphaned lease: {id:‹111› prefix:[128] version:4 expiration:{Time:{wall:0 ext:0 loc:<nil>}} sessionID:[1 1 128 208 128 173 209 118 9 64 52 190 167 230 121 13 163 205 207]}
I250929 11:43:48.683171 1544 sql/catalog/lease/lease.go:1907 ⋮ [T1,Vsystem,n1] 148  released orphaned lease: {id:‹116› prefix:[128] version:6 expiration:{Time:{wall:0 ext:0 loc:<nil>}} sessionID:[1 1 128 208 128 173 209 118 9 64 52 190 167 230 121 13 163 205 207]}
I250929 11:43:48.683191 1542 sql/catalog/lease/lease.go:1907 ⋮ [T1,Vsystem,n1] 149  released orphaned lease: {id:‹114› prefix:[128] version:11 expiration:{Time:{wall:0 ext:0 loc:<nil>}} sessionID:[1 1 128 208 128 173 209 118 9 64 52 190 167 230 121 13 163 205 207]}
I250929 11:43:48.683249 1509 sql/catalog/lease/lease.go:1907 ⋮ [T1,Vsystem,n1] 150  released orphaned lease: {id:‹113› prefix:[128] version:9 expiration:{Time:{wall:0 ext:0 loc:<nil>}} sessionID:[1 1 128 208 128 173 209 118 9 64 52 190 167 230 121 13 163 205 207]}
I250929 11:43:48.683325 1543 sql/catalog/lease/lease.go:1907 ⋮ [T1,Vsystem,n1] 151  released orphaned lease: {id:‹115› prefix:[128] version:1 expiration:{Time:{wall:0 ext:0 loc:<nil>}} sessionID:[1 1 128 208 128 173 209 118 9 64 52 190 167 230 121 13 163 205 207]}
I250929 11:43:48.687064 1483 sql/catalog/lease/lease.go:1907 ⋮ [T1,Vsystem,n1] 152  released orphaned lease: {id:‹117› prefix:[128] version:26 expiration:{Time:{wall:0 ext:0 loc:<nil>}} sessionID:[1 1 128 208 128 173 209 118 9 64 52 190 167 230 121 13 163 205 207]}
I250929 11:43:48.688626 1590 sql/catalog/lease/lease.go:1907 ⋮ [T1,Vsystem,n1] 153  released orphaned lease: {id:‹118› prefix:[128] version:13 expiration:{Time:{wall:0 ext:0 loc:<nil>}} sessionID:[1 1 128 208 128 173 209 118 9 64 52 190 167 230 121 13 163 205 207]}
I250929 11:43:48.688646 1485 sql/catalog/lease/lease.go:1907 ⋮ [T1,Vsystem,n1] 154  released orphaned lease: {id:‹120› prefix:[128] version:1 expiration:{Time:{wall:0 ext:0 loc:<nil>}} sessionID:[1 1 128 208 128 173 209 118 9 64 52 190 167 230 121 13 163 205 207]}
I250929 11:43:48.688717 1484 sql/catalog/lease/lease.go:1907 ⋮ [T1,Vsystem,n1] 155  released orphaned lease: {id:‹119› prefix:[128] version:4 expiration:{Time:{wall:0 ext:0 loc:<nil>}} sessionID:[1 1 128 208 128 173 209 118 9 64 52 190 167 230 121 13 163 205 207]}
I250929 11:43:48.688787 1569 sql/catalog/lease/lease.go:1907 ⋮ [T1,Vsystem,n1] 156  released orphaned lease: {id:‹122› prefix:[128] version:4 expiration:{Time:{wall:0 ext:0 loc:<nil>}} sessionID:[1 1 128 208 128 173 209 118 9 64 52 190 167 230 121 13 163 205 207]}
I250929 11:43:48.690322 1602 sql/catalog/lease/lease.go:1907 ⋮ [T1,Vsystem,n1] 157  released orphaned lease: {id:‹123› prefix:[128] version:2 expiration:{Time:{wall:0 ext:0 loc:<nil>}} sessionID:[1 1 128 208 128 173 209 118 9 64 52 190 167 230 121 13 163 205 207]}
I250929 11:43:48.693182 1517 sql/catalog/lease/lease.go:1907 ⋮ [T1,Vsystem,n1] 158  released orphaned lease: {id:‹125› prefix:[128] version:1 expiration:{Time:{wall:0 ext:0 loc:<nil>}} sessionID:[1 1 128 208 128 173 209 118 9 64 52 190 167 230 121 13 163 205 207]}
I250929 11:43:48.693209 1516 sql/catalog/lease/lease.go:1907 ⋮ [T1,Vsystem,n1] 159  released orphaned lease: {id:‹124› prefix:[128] version:6 expiration:{Time:{wall:0 ext:0 loc:<nil>}} sessionID:[1 1 128 208 128 173 209 118 9 64 52 190 167 230 121 13 163 205 207]}
I250929 11:43:48.693277 1591 sql/catalog/lease/lease.go:1907 ⋮ [T1,Vsystem,n1] 160  released orphaned lease: {id:‹127› prefix:[128] version:1 expiration:{Time:{wall:0 ext:0 loc:<nil>}} sessionID:[1 1 128 208 128 173 209 118 9 64 52 190 167 230 121 13 163 205 207]}
I250929 11:43:48.693408 1545 sql/catalog/lease/lease.go:1907 ⋮ [T1,Vsystem,n1] 161  released orphaned lease: {id:‹126› prefix:[128] version:2 expiration:{Time:{wall:0 ext:0 loc:<nil>}} sessionID:[1 1 128 208 128 173 209 118 9 64 52 190 167 230 121 13 163 205 207]}
I250929 11:43:48.694707 1603 sql/catalog/lease/lease.go:1907 ⋮ [T1,Vsystem,n1] 162  released orphaned lease: {id:‹128› prefix:[128] version:1 expiration:{Time:{wall:0 ext:0 loc:<nil>}} sessionID:[1 1 128 208 128 173 209 118 9 64 52 190 167 230 121 13 163 205 207]}
I250929 11:43:48.751710 1593 sql/catalog/lease/lease.go:1907 ⋮ [T1,Vsystem,n1] 163  released orphaned lease: {id:‹131› prefix:[128] version:1 expiration:{Time:{wall:0 ext:0 loc:<nil>}} sessionID:[1 1 128 208 128 173 209 118 9 64 52 190 167 230 121 13 163 205 207]}
I250929 11:43:48.751771 1546 sql/catalog/lease/lease.go:1907 ⋮ [T1,Vsystem,n1] 164  released orphaned lease: {id:‹129› prefix:[128] version:1 expiration:{Time:{wall:0 ext:0 loc:<nil>}} sessionID:[1 1 128 208 128 173 209 118 9 64 52 190 167 230 121 13 163 205 207]}
I250929 11:43:48.751838 1547 sql/catalog/lease/lease.go:1907 ⋮ [T1,Vsystem,n1] 165  released orphaned lease: {id:‹130› prefix:[128] version:1 expiration:{Time:{wall:0 ext:0 loc:<nil>}} sessionID:[1 1 128 208 128 173 209 118 9 64 52 190 167 230 121 13 163 205 207]}
I250929 11:43:48.751837 1486 sql/catalog/lease/lease.go:1907 ⋮ [T1,Vsystem,n1] 166  released orphaned lease: {id:‹132› prefix:[128] version:1 expiration:{Time:{wall:0 ext:0 loc:<nil>}} sessionID:[1 1 128 208 128 173 209 118 9 64 52 190 167 230 121 13 163 205 207]}
I250929 11:43:48.754209 1604 sql/catalog/lease/lease.go:1907 ⋮ [T1,Vsystem,n1] 167  released orphaned lease: {id:‹133› prefix:[128] version:1 expiration:{Time:{wall:0 ext:0 loc:<nil>}} sessionID:[1 1 128 208 128 173 209 118 9 64 52 190 167 230 121 13 163 205 207]}
I250929 11:43:48.756198 1594 sql/catalog/lease/lease.go:1907 ⋮ [T1,Vsystem,n1] 168  released orphaned lease: {id:‹135› prefix:[128] version:1 expiration:{Time:{wall:0 ext:0 loc:<nil>}} sessionID:[1 1 128 208 128 173 209 118 9 64 52 190 167 230 121 13 163 205 207]}
I250929 11:43:48.756219 1550 sql/catalog/lease/lease.go:1907 ⋮ [T1,Vsystem,n1] 169  released orphaned lease: {id:‹134› prefix:[128] version:1 expiration:{Time:{wall:0 ext:0 loc:<nil>}} sessionID:[1 1 128 208 128 173 209 118 9 64 52 190 167 230 121 13 163 205 207]}
I250929 11:43:48.756285 1605 sql/catalog/lease/lease.go:1907 ⋮ [T1,Vsystem,n1] 170  released orphaned lease: {id:‹136› prefix:[128] version:1 expiration:{Time:{wall:0 ext:0 loc:<nil>}} sessionID:[1 1 128 208 128 173 209 118 9 64 52 190 167 230 121 13 163 205 207]}
I250929 11:43:48.756351 1606 sql/catalog/lease/lease.go:1907 ⋮ [T1,Vsystem,n1] 171  released orphaned lease: {id:‹137› prefix:[128] version:1 expiration:{Time:{wall:0 ext:0 loc:<nil>}} sessionID:[1 1 128 208 128 173 209 118 9 64 52 190 167 230 121 13 163 205 207]}
I250929 11:43:48.757721 1595 sql/catalog/lease/lease.go:1907 ⋮ [T1,Vsystem,n1] 172  released orphaned lease: {id:‹138› prefix:[128] version:1 expiration:{Time:{wall:0 ext:0 loc:<nil>}} sessionID:[1 1 128 208 128 173 209 118 9 64 52 190 167 230 121 13 163 205 207]}
I250929 11:43:48.760794 1607 sql/catalog/lease/lease.go:1907 ⋮ [T1,Vsystem,n1] 173  released orphaned lease: {id:‹141› prefix:[128] version:1 expiration:{Time:{wall:0 ext:0 loc:<nil>}} sessionID:[1 1 128 208 128 173 209 118 9 64 52 190 167 230 121 13 163 205 207]}
I250929 11:43:48.760998 1597 sql/catalog/lease/lease.go:1907 ⋮ [T1,Vsystem,n1] 174  released orphaned lease: {id:‹140› prefix:[128] version:1 expiration:{Time:{wall:0 ext:0 loc:<nil>}} sessionID:[1 1 128 208 128 173 209 118 9 64 52 190 167 230 121 13 163 205 207]}
I250929 11:43:48.761048 1518 sql/catalog/lease/lease.go:1907 ⋮ [T1,Vsystem,n1] 175  released orphaned lease: {id:‹142› prefix:[128] version:1 expiration:{Time:{wall:0 ext:0 loc:<nil>}} sessionID:[1 1 128 208 128 173 209 118 9 64 52 190 167 230 121 13 163 205 207]}
I250929 11:43:48.761081 1596 sql/catalog/lease/lease.go:1907 ⋮ [T1,Vsystem,n1] 176  released orphaned lease: {id:‹139› prefix:[128] version:1 expiration:{Time:{wall:0 ext:0 loc:<nil>}} sessionID:[1 1 128 208 128 173 209 118 9 64 52 190 167 230 121 13 163 205 207]}
I250929 11:43:48.762405 1608 sql/catalog/lease/lease.go:1907 ⋮ [T1,Vsystem,n1] 177  released orphaned lease: {id:‹143› prefix:[128] version:1 expiration:{Time:{wall:0 ext:0 loc:<nil>}} sessionID:[1 1 128 208 128 173 209 118 9 64 52 190 167 230 121 13 163 205 207]}
I250929 11:43:48.763990 1598 sql/catalog/lease/lease.go:1907 ⋮ [T1,Vsystem,n1] 178  released orphaned lease: {id:‹144› prefix:[128] version:1 expiration:{Time:{wall:0 ext:0 loc:<nil>}} sessionID:[1 1 128 208 128 173 209 118 9 64 52 190 167 230 121 13 163 205 207]}
I250929 11:43:48.764074 1609 sql/catalog/lease/lease.go:1907 ⋮ [T1,Vsystem,n1] 179  released orphaned lease: {id:‹145› prefix:[128] version:1 expiration:{Time:{wall:0 ext:0 loc:<nil>}} sessionID:[1 1 128 208 128 173 209 118 9 64 52 190 167 230 121 13 163 205 207]}
I250929 11:43:48.764115 1530 sql/catalog/lease/lease.go:1907 ⋮ [T1,Vsystem,n1] 180  released orphaned lease: {id:‹147› prefix:[128] version:1 expiration:{Time:{wall:0 ext:0 loc:<nil>}} sessionID:[1 1 128 208 128 173 209 118 9 64 52 190 167 230 121 13 163 205 207]}
I250929 11:43:48.765569 1529 sql/catalog/lease/lease.go:1907 ⋮ [T1,Vsystem,n1] 181  released orphaned lease: {id:‹146› prefix:[128] version:1 expiration:{Time:{wall:0 ext:0 loc:<nil>}} sessionID:[1 1 128 208 128 173 209 118 9 64 52 190 167 230 121 13 163 205 207]}
I250929 11:43:48.765669 1531 sql/catalog/lease/lease.go:1907 ⋮ [T1,Vsystem,n1] 182  released orphaned lease: {id:‹148› prefix:[128] version:1 expiration:{Time:{wall:0 ext:0 loc:<nil>}} sessionID:[1 1 128 208 128 173 209 118 9 64 52 190 167 230 121 13 163 205 207]}
I250929 11:43:48.852238 1599 sql/catalog/lease/lease.go:1907 ⋮ [T1,Vsystem,n1] 183  released orphaned lease: {id:‹149› prefix:[128] version:1 expiration:{Time:{wall:0 ext:0 loc:<nil>}} sessionID:[1 1 128 208 128 173 209 118 9 64 52 190 167 230 121 13 163 205 207]}
I250929 11:43:48.852309 1611 sql/catalog/lease/lease.go:1907 ⋮ [T1,Vsystem,n1] 184  released orphaned lease: {id:‹151› prefix:[128] version:1 expiration:{Time:{wall:0 ext:0 loc:<nil>}} sessionID:[1 1 128 208 128 173 209 118 9 64 52 190 167 230 121 13 163 205 207]}
I250929 11:43:48.852335 1610 sql/catalog/lease/lease.go:1907 ⋮ [T1,Vsystem,n1] 185  released orphaned lease: {id:‹150› prefix:[128] version:1 expiration:{Time:{wall:0 ext:0 loc:<nil>}} sessionID:[1 1 128 208 128 173 209 118 9 64 52 190 167 230 121 13 163 205 207]}
I250929 11:43:48.854782 1532 sql/catalog/lease/lease.go:1907 ⋮ [T1,Vsystem,n1] 186  released orphaned lease: {id:‹152› prefix:[128] version:1 expiration:{Time:{wall:0 ext:0 loc:<nil>}} sessionID:[1 1 128 208 128 173 209 118 9 64 52 190 167 230 121 13 163 205 207]}
I250929 11:43:48.854922 1612 sql/catalog/lease/lease.go:1907 ⋮ [T1,Vsystem,n1] 187  released orphaned lease: {id:‹153› prefix:[128] version:1 expiration:{Time:{wall:0 ext:0 loc:<nil>}} sessionID:[1 1 128 208 128 173 209 118 9 64 52 190 167 230 121 13 163 205 207]}
I250929 11:43:48.856717 1619 sql/catalog/lease/lease.go:1907 ⋮ [T1,Vsystem,n1] 188  released orphaned lease: {id:‹154› prefix:[128] version:1 expiration:{Time:{wall:0 ext:0 loc:<nil>}} sessionID:[1 1 128 208 128 173 209 118 9 64 52 190 167 230 121 13 163 205 207]}
I250929 11:43:48.856778 1635 sql/catalog/lease/lease.go:1907 ⋮ [T1,Vsystem,n1] 189  released orphaned lease: {id:‹155› prefix:[128] version:1 expiration:{Time:{wall:0 ext:0 loc:<nil>}} sessionID:[1 1 128 208 128 173 209 118 9 64 52 190 167 230 121 13 163 205 207]}
I250929 11:43:48.856834 1636 sql/catalog/lease/lease.go:1907 ⋮ [T1,Vsystem,n1] 190  released orphaned lease: {id:‹156› prefix:[128] version:1 expiration:{Time:{wall:0 ext:0 loc:<nil>}} sessionID:[1 1 128 208 128 173 209 118 9 64 52 190 167 230 121 13 163 205 207]}
I250929 11:43:48.858184 1637 sql/catalog/lease/lease.go:1907 ⋮ [T1,Vsystem,n1] 191  released orphaned lease: {id:‹157› prefix:[128] version:1 expiration:{Time:{wall:0 ext:0 loc:<nil>}} sessionID:[1 1 128 208 128 173 209 118 9 64 52 190 167 230 121 13 163 205 207]}
I250929 11:43:48.858266 1578 sql/catalog/lease/lease.go:1907 ⋮ [T1,Vsystem,n1] 192  released orphaned lease: {id:‹158› prefix:[128] version:1 expiration:{Time:{wall:0 ext:0 loc:<nil>}} sessionID:[1 1 128 208 128 173 209 118 9 64 52 190 167 230 121 13 163 205 207]}
I250929 11:43:48.861796 1620 sql/catalog/lease/lease.go:1907 ⋮ [T1,Vsystem,n1] 193  released orphaned lease: {id:‹160› prefix:[128] version:1 expiration:{Time:{wall:0 ext:0 loc:<nil>}} sessionID:[1 1 128 208 128 173 209 118 9 64 52 190 167 230 121 13 163 205 207]}
I250929 11:43:48.861813 1650 sql/catalog/lease/lease.go:1907 ⋮ [T1,Vsystem,n1] 194  released orphaned lease: {id:‹159› prefix:[128] version:1 expiration:{Time:{wall:0 ext:0 loc:<nil>}} sessionID:[1 1 128 208 128 173 209 118 9 64 52 190 167 230 121 13 163 205 207]}
I250929 11:43:48.861929 1638 sql/catalog/lease/lease.go:1907 ⋮ [T1,Vsystem,n1] 195  released orphaned lease: {id:‹161› prefix:[128] version:1 expiration:{Time:{wall:0 ext:0 loc:<nil>}} sessionID:[1 1 128 208 128 173 209 118 9 64 52 190 167 230 121 13 163 205 207]}
I250929 11:43:48.863228 1621 sql/catalog/lease/lease.go:1907 ⋮ [T1,Vsystem,n1] 196  released orphaned lease: {id:‹162› prefix:[128] version:1 expiration:{Time:{wall:0 ext:0 loc:<nil>}} sessionID:[1 1 128 208 128 173 209 118 9 64 52 190 167 230 121 13 163 205 207]}
I250929 11:43:48.863312 1639 sql/catalog/lease/lease.go:1907 ⋮ [T1,Vsystem,n1] 197  released orphaned lease: {id:‹163› prefix:[128] version:1 expiration:{Time:{wall:0 ext:0 loc:<nil>}} sessionID:[1 1 128 208 128 173 209 118 9 64 52 190 167 230 121 13 163 205 207]}
I250929 11:43:48.864964 1521 sql/catalog/lease/lease.go:1907 ⋮ [T1,Vsystem,n1] 198  released orphaned lease: {id:‹164› prefix:[128] version:1 expiration:{Time:{wall:0 ext:0 loc:<nil>}} sessionID:[1 1 128 208 128 173 209 118 9 64 52 190 167 230 121 13 163 205 207]}
I250929 11:43:48.864981 1622 sql/catalog/lease/lease.go:1907 ⋮ [T1,Vsystem,n1] 199  released orphaned lease: {id:‹166› prefix:[128] version:1 expiration:{Time:{wall:0 ext:0 loc:<nil>}} sessionID:[1 1 128 208 128 173 209 118 9 64 52 190 167 230 121 13 163 205 207]}
I250929 11:43:48.865085 1666 sql/catalog/lease/lease.go:1907 ⋮ [T1,Vsystem,n1] 200  released orphaned lease: {id:‹165› prefix:[128] version:1 expiration:{Time:{wall:0 ext:0 loc:<nil>}} sessionID:[1 1 128 208 128 173 209 118 9 64 52 190 167 230 121 13 163 205 207]}
I250929 11:43:48.866507 1601 sql/catalog/lease/lease.go:1907 ⋮ [T1,Vsystem,n1] 201  released orphaned lease: {id:‹167› prefix:[128] version:1 expiration:{Time:{wall:0 ext:0 loc:<nil>}} sessionID:[1 1 128 208 128 173 209 118 9 64 52 190 167 230 121 13 163 205 207]}
I250929 11:43:48.866633 1640 sql/catalog/lease/lease.go:1907 ⋮ [T1,Vsystem,n1] 202  released orphaned lease: {id:‹168› prefix:[128] version:1 expiration:{Time:{wall:0 ext:0 loc:<nil>}} sessionID:[1 1 128 208 128 173 209 118 9 64 52 190 167 230 121 13 163 205 207]}
I250929 11:43:48.944849 1623 sql/catalog/lease/lease.go:1907 ⋮ [T1,Vsystem,n1] 203  released orphaned lease: {id:‹171› prefix:[128] version:1 expiration:{Time:{wall:0 ext:0 loc:<nil>}} sessionID:[1 1 128 208 128 173 209 118 9 64 52 190 167 230 121 13 163 205 207]}
I250929 11:43:48.944916 1667 sql/catalog/lease/lease.go:1907 ⋮ [T1,Vsystem,n1] 204  released orphaned lease: {id:‹169› prefix:[128] version:1 expiration:{Time:{wall:0 ext:0 loc:<nil>}} sessionID:[1 1 128 208 128 173 209 118 9 64 52 190 167 230 121 13 163 205 207]}
I250929 11:43:48.944908 1668 sql/catalog/lease/lease.go:1907 ⋮ [T1,Vsystem,n1] 205  released orphaned lease: {id:‹170› prefix:[128] version:1 expiration:{Time:{wall:0 ext:0 loc:<nil>}} sessionID:[1 1 128 208 128 173 209 118 9 64 52 190 167 230 121 13 163 205 207]}
I250929 11:43:48.947300 1683 sql/catalog/lease/lease.go:1907 ⋮ [T1,Vsystem,n1] 206  released orphaned lease: {id:‹172› prefix:[128] version:1 expiration:{Time:{wall:0 ext:0 loc:<nil>}} sessionID:[1 1 128 208 128 173 209 118 9 64 52 190 167 230 121 13 163 205 207]}
I250929 11:43:48.947426 1651 sql/catalog/lease/lease.go:1907 ⋮ [T1,Vsystem,n1] 207  released orphaned lease: {id:‹173› prefix:[128] version:1 expiration:{Time:{wall:0 ext:0 loc:<nil>}} sessionID:[1 1 128 208 128 173 209 118 9 64 52 190 167 230 121 13 163 205 207]}
I250929 11:43:48.949026 1624 sql/catalog/lease/lease.go:1907 ⋮ [T1,Vsystem,n1] 208  released orphaned lease: {id:‹175› prefix:[128] version:1 expiration:{Time:{wall:0 ext:0 loc:<nil>}} sessionID:[1 1 128 208 128 173 209 118 9 64 52 190 167 230 121 13 163 205 207]}
I250929 11:43:48.949086 1625 sql/catalog/lease/lease.go:1907 ⋮ [T1,Vsystem,n1] 209  released orphaned lease: {id:‹176› prefix:[128] version:1 expiration:{Time:{wall:0 ext:0 loc:<nil>}} sessionID:[1 1 128 208 128 173 209 118 9 64 52 190 167 230 121 13 163 205 207]}
I250929 11:43:48.949091 1669 sql/catalog/lease/lease.go:1907 ⋮ [T1,Vsystem,n1] 210  released orphaned lease: {id:‹174› prefix:[128] version:1 expiration:{Time:{wall:0 ext:0 loc:<nil>}} sessionID:[1 1 128 208 128 173 209 118 9 64 52 190 167 230 121 13 163 205 207]}
I250929 11:43:48.950461 1534 sql/catalog/lease/lease.go:1907 ⋮ [T1,Vsystem,n1] 211  released orphaned lease: {id:‹177› prefix:[128] version:1 expiration:{Time:{wall:0 ext:0 loc:<nil>}} sessionID:[1 1 128 208 128 173 209 118 9 64 52 190 167 230 121 13 163 205 207]}
I250929 11:43:48.950532 1670 sql/catalog/lease/lease.go:1907 ⋮ [T1,Vsystem,n1] 212  released orphaned lease: {id:‹178› prefix:[128] version:1 expiration:{Time:{wall:0 ext:0 loc:<nil>}} sessionID:[1 1 128 208 128 173 209 118 9 64 52 190 167 230 121 13 163 205 207]}
I250929 11:43:48.953333 1579 sql/catalog/lease/lease.go:1907 ⋮ [T1,Vsystem,n1] 213  released orphaned lease: {id:‹179› prefix:[128] version:1 expiration:{Time:{wall:0 ext:0 loc:<nil>}} sessionID:[1 1 128 208 128 173 209 118 9 64 52 190 167 230 121 13 163 205 207]}
I250929 11:43:48.953429 1671 sql/catalog/lease/lease.go:1907 ⋮ [T1,Vsystem,n1] 214  released orphaned lease: {id:‹180› prefix:[128] version:1 expiration:{Time:{wall:0 ext:0 loc:<nil>}} sessionID:[1 1 128 208 128 173 209 118 9 64 52 190 167 230 121 13 163 205 207]}
I250929 11:43:48.953486 1672 sql/catalog/lease/lease.go:1907 ⋮ [T1,Vsystem,n1] 215  released orphaned lease: {id:‹181› prefix:[128] version:1 expiration:{Time:{wall:0 ext:0 loc:<nil>}} sessionID:[1 1 128 208 128 173 209 118 9 64 52 190 167 230 121 13 163 205 207]}
I250929 11:43:48.954844 1580 sql/catalog/lease/lease.go:1907 ⋮ [T1,Vsystem,n1] 216  released orphaned lease: {id:‹182› prefix:[128] version:1 expiration:{Time:{wall:0 ext:0 loc:<nil>}} sessionID:[1 1 128 208 128 173 209 118 9 64 52 190 167 230 121 13 163 205 207]}
I250929 11:43:48.954982 1673 sql/catalog/lease/lease.go:1907 ⋮ [T1,Vsystem,n1] 217  released orphaned lease: {id:‹183› prefix:[128] version:1 expiration:{Time:{wall:0 ext:0 loc:<nil>}} sessionID:[1 1 128 208 128 173 209 118 9 64 52 190 167 230 121 13 163 205 207]}
I250929 11:43:48.956294 1688 sql/catalog/lease/lease.go:1907 ⋮ [T1,Vsystem,n1] 218  released orphaned lease: {id:‹184› prefix:[128] version:1 expiration:{Time:{wall:0 ext:0 loc:<nil>}} sessionID:[1 1 128 208 128 173 209 118 9 64 52 190 167 230 121 13 163 205 207]}
I250929 11:43:48.956431 1653 sql/catalog/lease/lease.go:1907 ⋮ [T1,Vsystem,n1] 219  released orphaned lease: {id:‹185› prefix:[128] version:1 expiration:{Time:{wall:0 ext:0 loc:<nil>}} sessionID:[1 1 128 208 128 173 209 118 9 64 52 190 167 230 121 13 163 205 207]}
I250929 11:43:49.804291 1262 server/diagnostics/update_checker.go:144 ⋮ [T1,Vsystem,n1] 220  a new version is available: ‹25.3.2›, details: ‹https://www.cockroachlabs.com/docs/releases/v25.3#v25-3-2›
I250929 11:44:16.900348 2402 sql/sqlliveness/slstorage/slstorage.go:390 ⋮ [n1,intExec=expire-sessions] 221  deleted session 010180d080add176094034bea7e6790da3cdcf which expired at 1759146255.663718630,0
I250929 11:44:52.483685 1063 jobs/adopt.go:103 ⋮ [T1,Vsystem,n1] 222  claimed 5 jobs
I250929 11:44:52.621109 3561 jobs/adopt.go:242 ⋮ [T1,Vsystem,n1] 223  job 100: resuming execution
I250929 11:44:52.621123 3558 jobs/adopt.go:242 ⋮ [T1,Vsystem,n1] 224  job 103: resuming execution
I250929 11:44:52.621138 3557 jobs/adopt.go:242 ⋮ [T1,Vsystem,n1] 225  job 101: resuming execution
I250929 11:44:52.621138 3559 jobs/adopt.go:242 ⋮ [T1,Vsystem,n1] 226  job 104: resuming execution
I250929 11:44:52.621178 3560 jobs/adopt.go:242 ⋮ [T1,Vsystem,n1] 227  job 1111079857994137601: resuming execution
I250929 11:44:52.631129 3567 jobs/registry.go:1587 ⋮ [T1,Vsystem,n1] 228  KEY VISUALIZER job 100: stepping through state running
I250929 11:44:52.631473 3497 jobs/registry.go:1587 ⋮ [T1,Vsystem,n1] 229  POLL JOBS STATS job 101: stepping through state running
I250929 11:44:52.631542 3464 jobs/registry.go:1587 ⋮ [T1,Vsystem,n1] 230  MVCC STATISTICS UPDATE job 104: stepping through state running
I250929 11:44:52.633753 3533 jobs/registry.go:1587 ⋮ [T1,Vsystem,n1] 231  AUTO UPDATE SQL ACTIVITY job 103: stepping through state running
I250929 11:44:52.635980 3576 jobs/registry.go:1587 ⋮ [T1,Vsystem,n1] 232  AUTO SPAN CONFIG RECONCILIATION job 1111079857994137601: stepping through state running
I250929 11:44:52.687171 3533 sql/sql_activity_update_job.go:79 ⋮ [T1,Vsystem,n1,job=AUTO UPDATE SQL ACTIVITY id=103] 233  starting sql stats activity flush job
I250929 11:44:52.690231 3464 sql/mvcc_statistics_update_job.go:63 ⋮ [T1,Vsystem,n1,job=MVCC STATISTICS UPDATE id=104] 234  starting mvcc statistics update job
I250929 11:44:52.956245 3576 spanconfig/spanconfigsqlwatcher/sqlwatcher.go:241 ⋮ [T1,Vsystem,n1,job=AUTO SPAN CONFIG RECONCILIATION id=1111079857994137601] 235  established range feed over system.descriptors starting at time 1759146292.825719990,0
I250929 11:44:52.956384 3576 spanconfig/spanconfigsqlwatcher/sqlwatcher.go:300 ⋮ [T1,Vsystem,n1,job=AUTO SPAN CONFIG RECONCILIATION id=1111079857994137601] 236  established range feed over system.zones starting at time 1759146292.825719990,0
I250929 11:44:52.956466 3576 spanconfig/spanconfigsqlwatcher/sqlwatcher.go:396 ⋮ [T1,Vsystem,n1,job=AUTO SPAN CONFIG RECONCILIATION id=1111079857994137601] 237  established range feed over system.protected_ts_records starting at time 1759146292.825719990,0
I250929 11:46:52.831285 5679 sql/stats/automatic_stats.go:860 ⋮ [T1,Vsystem,n1] 238  automatically executing ‹"CREATE STATISTICS __auto__ FROM [178] WITH OPTIONS THROTTLING 0.9 AS OF SYSTEM TIME '-30s'"›
I250929 11:46:52.981916 6151 1@jobs/structured_log.go:55 ⋮ [T1,Vsystem,n1] 239 ={"Timestamp":1759146412981911218,"EventType":"status_change","JobID":1111084278850813953,"JobType":"AUTO CREATE STATS","Description":"status changed to: running","PreviousStatus":"running","NewStatus":"running","RunNum":1}
I250929 11:46:52.993472 6151 sql/distsql_plan_stats.go:196 ⋮ [T1,Vsystem,n1,job=AUTO CREATE STATS id=1111084278850813953,create-stats-distsql] 240  using computed sample size of 10000 for histogram construction
I250929 11:46:53.415154 6151 1@jobs/structured_log.go:55 ⋮ [T1,Vsystem,n1] 241 ={"Timestamp":1759146413415149984,"EventType":"status_change","JobID":1111084278850813953,"JobType":"AUTO CREATE STATS","Description":"status changed to: succeeded","PreviousStatus":"running","NewStatus":"succeeded","RunNum":1}
I250929 11:47:14.170657 1 1@cli/start.go:998 ⋮ [T1,Vsystem,n1] 242  received signal 'terminated'
I250929 11:47:14.172056 1 1@cli/start.go:1039 ⋮ [T1,Vsystem,n1] 243  initiating graceful shutdown of server
I250929 11:47:14.172147 6269 server/drain.go:346 ⋮ [T1,Vsystem,n1,server drain process,call-graceful-drain] 244  all tenant servers stopped
I250929 11:47:14.172195 6269 1@server/drain.go:392 ⋮ [T1,Vsystem,n1,server drain process,call-graceful-drain] 245  waiting for health probes to notice that the node is not ready for new sql connections
I250929 11:47:14.172256 1255 sql/stats/automatic_stats.go:564 ⋮ [T1,Vsystem,n1] 246  draining auto stats refresher
W250929 11:47:14.172257 1061 jobs/registry.go:1031 ⋮ [T1,Vsystem,n1] 248  canceling all adopted jobs due to graceful drain request
I250929 11:47:14.172276 1256 sql/stats/automatic_stats.go:615 ⋮ [T1,Vsystem,n1] 247  draining stats garbage collector
I250929 11:47:14.172454 3567 jobs/registry.go:1587 ⋮ [T1,Vsystem,n1] 249  KEY VISUALIZER job 100: stepping through state succeeded
I250929 11:47:14.172583 3533 jobs/registry.go:1587 ⋮ [T1,Vsystem,n1] 250  AUTO UPDATE SQL ACTIVITY job 103: stepping through state succeeded
I250929 11:47:17.172339 6271 1@server/drain.go:506 ⋮ [T1,Vsystem,n1,server drain process,call-graceful-drain] 251  number of open connections: 0
I250929 11:47:19.172590 6270 1@cli/start.go:1051 ⋮ [T1,Vsystem,n1] 252  453 running tasks
W250929 11:47:21.765214 7610 sql/stats/automatic_stats.go:739 ⋮ [-] 253  buffered channel is full. Unable to refresh stats for table ‹"statement_statistics"› (42) with 1 rows affected
I250929 11:47:22.507841 6269 sql/sqlstats/persistedsqlstats/provider.go:133 ⋮ [T1,Vsystem,n1,server drain process,call-graceful-drain] 254  stopping persisted SQL stats tasks
I250929 11:47:22.508009 6269 sql/sqlstats/persistedsqlstats/provider.go:139 ⋮ [T1,Vsystem,n1,server drain process,call-graceful-drain] 255  persisted SQL stats tasks successfully shut down
I250929 11:47:22.508086 6269 sql/stats/automatic_stats.go:395 ⋮ [T1,Vsystem,n1,server drain process,call-graceful-drain] 256  starting to wait for auto-stats tasks to shut down
I250929 11:47:22.508123 6269 sql/stats/automatic_stats.go:398 ⋮ [T1,Vsystem,n1,server drain process,call-graceful-drain] 257  auto-stats tasks successfully shut down
I250929 11:47:22.508152 6269 jobs/registry.go:1998 ⋮ [T1,Vsystem,n1,server drain process,call-graceful-drain] 258  starting to wait for job registry to shut down
I250929 11:47:22.508182 6269 jobs/registry.go:2001 ⋮ [T1,Vsystem,n1,server drain process,call-graceful-drain] 259  job registry tasks successfully shut down
I250929 11:47:24.173059 6270 1@cli/start.go:1051 ⋮ [T1,Vsystem,n1] 260  447 running tasks
