I250929 11:43:46.176988 89 util/log/file_sync_buffer.go:237 ⋮ [config]   file created at: 2025/09/29 11:43:46
I250929 11:43:46.177001 89 util/log/file_sync_buffer.go:237 ⋮ [config]   running on machine: ‹584ca04010b8›
I250929 11:43:46.177012 89 util/log/file_sync_buffer.go:237 ⋮ [config]   binary: CockroachDB CCL v24.2.10 (x86_64-pc-linux-gnu, built 2025/02/03 17:30:12, go1.22.5 X:nocoverageredesign)
I250929 11:43:46.177021 89 util/log/file_sync_buffer.go:237 ⋮ [config]   arguments: [‹/cockroach/cockroach› ‹start-single-node› ‹--certs-dir=certs› ‹--advertise-addr=127.0.0.1:26257› ‹--accept-sql-without-tls›]
I250929 11:43:46.177040 89 util/log/file_sync_buffer.go:237 ⋮ [config]   log format (utf8=✓): crdb-v2
I250929 11:43:46.177049 89 util/log/file_sync_buffer.go:237 ⋮ [config]   line format: [IWEF]yymmdd hh:mm:ss.uuuuuu goid [chan@]file:line redactionmark \[tags\] [counter] msg
I250929 11:43:46.176829 89 3@pebble/objstorage/objstorageprovider/remote.go:103 ⋮ [n?,s?,pebble] 1  remote storage configured; creatorID = 1
I250929 11:43:46.301942 89 3@pebble/open.go:1054 ⋮ [n?,s?,pebble] 2  [JOB ‹1›] WAL ‹000014› stopped reading at offset: ‹(/cockroach/cockroach-data/000014.log: 30244966)›; replayed 89714 keys in 1820 batches
I250929 11:43:46.302266 89 3@pebble/event.go:808 ⋮ [n?,s?,pebble] 3  [JOB 1] flushing: sstable created 000017
I250929 11:43:46.499619 89 3@pebble/event.go:800 ⋮ [n?,s?,pebble] 4  [JOB 1] MANIFEST created 000019
I250929 11:43:46.503882 89 3@pebble/event.go:828 ⋮ [n?,s?,pebble] 5  [JOB 1] WAL created 000018
I250929 11:43:46.530973 120 3@pebble/event.go:832 ⋮ [n?,s?,pebble] 6  [JOB 1] WAL deleted 000004
I250929 11:43:46.530987 70 3@pebble/event.go:768 ⋮ [n?,s?,pebble] 7  [JOB 3] compacting(default) L0 [000017] (323KB) Score=41.38 + L6 [000016] (1.5MB) Score=0.02; OverlappingRatio: Single 4.91, Multi 0.00
I250929 11:43:46.531234 120 3@pebble/event.go:832 ⋮ [n?,s?,pebble] 8  [JOB 1] WAL deleted 000005
I250929 11:43:46.531227 69 3@pebble/event.go:820 ⋮ [n?,s?,pebble] 9  [JOB 2] all initial table stats loaded
I250929 11:43:46.531918 120 3@pebble/event.go:832 ⋮ [n?,s?,pebble] 10  [JOB 1] WAL deleted 000006
I250929 11:43:46.532962 120 3@pebble/event.go:832 ⋮ [n?,s?,pebble] 11  [JOB 1] WAL deleted 000007
I250929 11:43:46.533452 70 3@pebble/event.go:808 ⋮ [n?,s?,pebble] 12  [JOB 3] compacting: sstable created 000021
I250929 11:43:46.550986 120 3@pebble/event.go:832 ⋮ [n?,s?,pebble] 13  [JOB 1] WAL deleted 000011
I250929 11:43:46.552397 89 3@pebble/event.go:800 ⋮ [n?,s?,pebble] 14  [JOB 1] MANIFEST created 000001
I250929 11:43:46.558762 120 3@pebble/event.go:832 ⋮ [n?,s?,pebble] 15  [JOB 1] WAL deleted 000014
I250929 11:43:46.580779 89 3@pebble/event.go:828 ⋮ [n?,s?,pebble] 16  [JOB 1] WAL created 000002
I250929 11:43:46.582850 89 3@pebble/event.go:796 ⋮ [n?,s?,pebble] 17  upgraded to format version: 014
I250929 11:43:46.598903 89 3@pebble/event.go:796 ⋮ [n?,s?,pebble] 18  upgraded to format version: 015
I250929 11:43:46.601553 89 3@pebble/event.go:796 ⋮ [n?,s?,pebble] 19  upgraded to format version: 016
I250929 11:43:46.607225 49 3@pebble/event.go:820 ⋮ [n?,s?,pebble] 20  [JOB 2] all initial table stats loaded
I250929 11:43:46.613446 89 3@pebble/event.go:796 ⋮ [n?,s?,pebble] 21  upgraded to format version: 017
I250929 11:43:46.683529 70 3@pebble/event.go:772 ⋮ [n?,s?,pebble] 22  [JOB 3] compacted(default) L0 [000017] (323KB) Score=41.38 + L6 [000016] (1.5MB) Score=0.02 -> L6 [000021] (1.6MB), in 0.1s (0.2s total), output rate 10MB/s
I250929 11:43:46.684543 120 3@pebble/event.go:812 ⋮ [n?,s?,pebble] 23  [JOB 3] sstable deleted 000016
I250929 11:43:46.684773 120 3@pebble/event.go:812 ⋮ [n?,s?,pebble] 24  [JOB 3] sstable deleted 000017
I250929 11:43:47.391486 505 3@pebble/event.go:828 ⋮ [n1,s1,pebble] 25  [JOB 4] WAL created 000022
I250929 11:44:07.212433 329 3@kv/kvserver/store.go:3604 ⋮ [T1,Vsystem,n1] 26  
I250929 11:44:07.212433 329 3@kv/kvserver/store.go:3604 ⋮ [T1,Vsystem,n1] 26 +      |                             |       |       |   ingested   |     moved    |    written   |       |    amp
I250929 11:44:07.212433 329 3@kv/kvserver/store.go:3604 ⋮ [T1,Vsystem,n1] 26 +level | tables  size val-bl vtables | score |   in  | tables  size | tables  size | tables  size |  read |   r   w
I250929 11:44:07.212433 329 3@kv/kvserver/store.go:3604 ⋮ [T1,Vsystem,n1] 26 +------+-----------------------------+-------+-------+--------------+--------------+--------------+-------+---------
I250929 11:44:07.212433 329 3@kv/kvserver/store.go:3604 ⋮ [T1,Vsystem,n1] 26 +    0 |     0     0B     0B       0 |  0.00 |    0B |     0     0B |     0     0B |     0     0B |    0B |   0  0.0
I250929 11:44:07.212433 329 3@kv/kvserver/store.go:3604 ⋮ [T1,Vsystem,n1] 26 +    1 |     0     0B     0B       0 |  0.00 |    0B |     0     0B |     0     0B |     0     0B |    0B |   0  0.0
I250929 11:44:07.212433 329 3@kv/kvserver/store.go:3604 ⋮ [T1,Vsystem,n1] 26 +    2 |     0     0B     0B       0 |  0.00 |    0B |     0     0B |     0     0B |     0     0B |    0B |   0  0.0
I250929 11:44:07.212433 329 3@kv/kvserver/store.go:3604 ⋮ [T1,Vsystem,n1] 26 +    3 |     0     0B     0B       0 |  0.00 |    0B |     0     0B |     0     0B |     0     0B |    0B |   0  0.0
I250929 11:44:07.212433 329 3@kv/kvserver/store.go:3604 ⋮ [T1,Vsystem,n1] 26 +    4 |     0     0B     0B       0 |  0.00 |    0B |     0     0B |     0     0B |     0     0B |    0B |   0  0.0
I250929 11:44:07.212433 329 3@kv/kvserver/store.go:3604 ⋮ [T1,Vsystem,n1] 26 +    5 |     0     0B     0B       0 |  0.00 |    0B |     0     0B |     0     0B |     0     0B |    0B |   0  0.0
I250929 11:44:07.212433 329 3@kv/kvserver/store.go:3604 ⋮ [T1,Vsystem,n1] 26 +    6 |     1  1.6MB  136KB       0 |     - | 323KB |     0     0B |     0     0B |     1  1.6MB | 1.9MB |   1  5.0
I250929 11:44:07.212433 329 3@kv/kvserver/store.go:3604 ⋮ [T1,Vsystem,n1] 26 +total |     1  1.6MB  136KB       0 |     - | 2.2MB |     0     0B |     0     0B |     1  3.7MB | 1.9MB |   1  1.7
I250929 11:44:07.212433 329 3@kv/kvserver/store.go:3604 ⋮ [T1,Vsystem,n1] 26 +-------------------------------------------------------------------------------------------------------------------
I250929 11:44:07.212433 329 3@kv/kvserver/store.go:3604 ⋮ [T1,Vsystem,n1] 26 +WAL: 2 files (2.2MB)  in: 2.2MB  written: 2.2MB (1% overhead)
I250929 11:44:07.212433 329 3@kv/kvserver/store.go:3604 ⋮ [T1,Vsystem,n1] 26 +Flushes: 0
I250929 11:44:07.212433 329 3@kv/kvserver/store.go:3604 ⋮ [T1,Vsystem,n1] 26 +Compactions: 1  estimated debt: 0B  in progress: 0 (0B)
I250929 11:44:07.212433 329 3@kv/kvserver/store.go:3604 ⋮ [T1,Vsystem,n1] 26 +             default: 1  delete: 0  elision: 0  move: 0  read: 0  rewrite: 0  copy: 0  multi-level: 0
I250929 11:44:07.212433 329 3@kv/kvserver/store.go:3604 ⋮ [T1,Vsystem,n1] 26 +MemTables: 2 (64MB)  zombie: 0 (0B)
I250929 11:44:07.212433 329 3@kv/kvserver/store.go:3604 ⋮ [T1,Vsystem,n1] 26 +Zombie tables: 0 (0B, local: 0B)
I250929 11:44:07.212433 329 3@kv/kvserver/store.go:3604 ⋮ [T1,Vsystem,n1] 26 +Backing tables: 0 (0B)
I250929 11:44:07.212433 329 3@kv/kvserver/store.go:3604 ⋮ [T1,Vsystem,n1] 26 +Virtual tables: 0 (0B)
I250929 11:44:07.212433 329 3@kv/kvserver/store.go:3604 ⋮ [T1,Vsystem,n1] 26 +Local tables size: 1.6MB
I250929 11:44:07.212433 329 3@kv/kvserver/store.go:3604 ⋮ [T1,Vsystem,n1] 26 +Compression types: snappy: 1
I250929 11:44:07.212433 329 3@kv/kvserver/store.go:3604 ⋮ [T1,Vsystem,n1] 26 +Block cache: 38 entries (1.6MB)  hit rate: 95.0%
I250929 11:44:07.212433 329 3@kv/kvserver/store.go:3604 ⋮ [T1,Vsystem,n1] 26 +Table cache: 1 entries (760B)  hit rate: 99.9%
I250929 11:44:07.212433 329 3@kv/kvserver/store.go:3604 ⋮ [T1,Vsystem,n1] 26 +Secondary cache: 0 entries (0B)  hit rate: 0.0%
I250929 11:44:07.212433 329 3@kv/kvserver/store.go:3604 ⋮ [T1,Vsystem,n1] 26 +Snapshots: 0  earliest seq num: 0
I250929 11:44:07.212433 329 3@kv/kvserver/store.go:3604 ⋮ [T1,Vsystem,n1] 26 +Table iters: 0
I250929 11:44:07.212433 329 3@kv/kvserver/store.go:3604 ⋮ [T1,Vsystem,n1] 26 +Filter utility: 0.0%
I250929 11:44:07.212433 329 3@kv/kvserver/store.go:3604 ⋮ [T1,Vsystem,n1] 26 +Ingestions: 0  as flushable: 0 (0B in 0 tables)
